The system is: Windows - 10.0.22000 - AMD64
Compiling the C compiler identification source file "CMakeCCompilerId.c" succeeded.
Compiler: C:/Program Files/Microsoft Visual Studio/2022/Community/VC/Tools/MSVC/14.33.31629/bin/Hostx86/x86/cl.exe 
Build flags: 
Id flags:  

The output was:
0
用于 x86 的 Microsoft (R) C/C++ 优化编译器 19.33.31630 版
版权所有(C) Microsoft Corporation。保留所有权利。

CMakeCCompilerId.c
Microsoft (R) Incremental Linker Version 14.33.31630.0
Copyright (C) Microsoft Corporation.  All rights reserved.

/out:CMakeCCompilerId.exe 
CMakeCCompilerId.obj 


Compilation of the C compiler identification source "CMakeCCompilerId.c" produced "CMakeCCompilerId.exe"

Compilation of the C compiler identification source "CMakeCCompilerId.c" produced "CMakeCCompilerId.obj"

The C compiler identification is MSVC, found in "C:/Users/Three/Desktop/C_project/cmake-build-debug/CMakeFiles/3.23.2/CompilerIdC/CMakeCCompilerId.exe"

Detecting C compiler ABI info compiled with the following output:
Change Dir: C:/Users/Three/Desktop/C_project/cmake-build-debug/CMakeFiles/CMakeTmp

Run Build Command(s):nmake -f Makefile /nologo cmTC_6bd90\fast && 	"C:\Program Files\Microsoft Visual Studio\2022\Community\VC\Tools\MSVC\14.33.31629\bin\HostX86\x86\nmake.exe"  -f CMakeFiles\cmTC_6bd90.dir\build.make /nologo -L                  CMakeFiles\cmTC_6bd90.dir\build
Building C object CMakeFiles/cmTC_6bd90.dir/CMakeCCompilerABI.c.obj
	"C:\Program Files\JetBrains\CLion 2022.2.3\bin\cmake\win\bin\cmake.exe" -E cmake_cl_compile_depends --dep-file=CMakeFiles\cmTC_6bd90.dir\CMakeCCompilerABI.c.obj.d --working-dir=C:\Users\Three\Desktop\C_project\cmake-build-debug\CMakeFiles\CMakeTmp --filter-prefix="注意: 包含文件:  " -- C:\PROGRA~1\MICROS~3\2022\COMMUN~1\VC\Tools\MSVC\1433~1.316\bin\Hostx86\x86\cl.exe @C:\Users\Three\AppData\Local\Temp\nmE2AB.tmp
CMakeCCompilerABI.c
?鈷? 鍖呭惈鏂囦欢:  C:\Program Files\JetBrains\CLion 2022.2.3\bin\cmake\win\share\cmake-3.23\Modules\CMakeCompilerABI.h
Linking C executable cmTC_6bd90.exe
	"C:\Program Files\JetBrains\CLion 2022.2.3\bin\cmake\win\bin\cmake.exe" -E vs_link_exe --intdir=CMakeFiles\cmTC_6bd90.dir --rc=C:\PROGRA~2\WI3CF2~1\10\bin\100190~1.0\x86\rc.exe --mt=C:\PROGRA~2\WI3CF2~1\10\bin\100190~1.0\x86\mt.exe --manifests -- C:\PROGRA~1\MICROS~3\2022\COMMUN~1\VC\Tools\MSVC\1433~1.316\bin\Hostx86\x86\link.exe /nologo @CMakeFiles\cmTC_6bd90.dir\objects1.rsp @C:\Users\Three\AppData\Local\Temp\nmE414.tmp



